<?xml version="1.0" encoding="UTF-8"?>
<!-- Generated by org.testng.reporters.JUnitReportReporter -->
<testsuite hostname="LIN51017920" failures="0" tests="1" name="com.redus.test.SearchTest" time="19.706" errors="0" timestamp="09 Dec 2021 10:03:23 GMT" skipped="0">
  <testcase classname="com.redus.test.SearchTest" name="verifySearch" time="19.706"/>
</testsuite> <!-- com.redus.test.SearchTest -->
